<?xml version="1.0" encoding="UTF-8"?>
<!-- Generated by org.testng.reporters.JUnitReportReporter -->
<testsuite hostname="ATMECSINDT-080" failures="0" tests="2" name="com.atmecs.konakart.testscripts.ValidateHomePage" time="26.764" errors="0" timestamp="07 Oct 2019 10:09:41 GMT" skipped="0">
  <testcase classname="com.atmecs.konakart.testscripts.ValidateHomePage" name="setup" time="19.562"/>
  <testcase classname="com.atmecs.konakart.testscripts.ValidateHomePage" name="validateTabsHomePage" time="7.202"/>
</testsuite> <!-- com.atmecs.konakart.testscripts.ValidateHomePage -->
